<?xml version="1.0" encoding="UTF-8"?>
<testsuite name="testClean.CRUDProjectTest" tests="1" skipped="0" failures="0" errors="0" timestamp="2021-03-09T04:23:42" hostname="DESKTOP-JQR5GBU" time="18.644">
  <properties/>
  <testcase name="verify_crud_project_todoly" classname="testClean.CRUDProjectTest" time="18.644"/>
  <system-out><![CDATA[]]></system-out>
  <system-err><![CDATA[Starting ChromeDriver 89.0.4389.23 (61b08ee2c50024bab004e48d2b1b083cdbdac579-refs/branch-heads/4389@{#294}) on port 41223
Only local connections are allowed.
Please see https://chromedriver.chromium.org/security-considerations for suggestions on keeping ChromeDriver safe.
ChromeDriver was started successfully.
mar 09, 2021 12:23:44 AM org.openqa.selenium.remote.ProtocolHandshake createSession
INFORMACIÓN: Detected dialect: W3C
]]></system-err>
</testsuite>
